<?xml version="1.0" encoding="UTF-8" ?>
<testsuite tests="17" failures="0" name="com.mycompany.task1.LoginIT" time="0.002" errors="0" skipped="0">
  <properties>
[...]
</properties>
  <testcase classname="com.mycompany.task1.LoginIT" name="com.mycompany.task1.LoginIT.testSetUserName" time="0.001"/>
  <testcase classname="com.mycompany.task1.LoginIT" name="com.mycompany.task1.LoginIT.testSetPassword" time="0"/>
  <testcase classname="com.mycompany.task1.LoginIT" name="com.mycompany.task1.LoginIT.testGetUserName" time="0"/>
  <testcase classname="com.mycompany.task1.LoginIT" name="com.mycompany.task1.LoginIT.testSetFirstName" time="0"/>
  <testcase classname="com.mycompany.task1.LoginIT" name="com.mycompany.task1.LoginIT.testSetSurname" time="0"/>
  <testcase classname="com.mycompany.task1.LoginIT" name="com.mycompany.task1.LoginIT.testGetLastName" time="0"/>
  <testcase classname="com.mycompany.task1.LoginIT" name="com.mycompany.task1.LoginIT.testCheckUserName" time="0"/>
  <testcase classname="com.mycompany.task1.LoginIT" name="com.mycompany.task1.LoginIT.testRegisterUser" time="0.001"/>
  <testcase classname="com.mycompany.task1.LoginIT" name="com.mycompany.task1.LoginIT.testLoginUser" time="0"/>
  <testcase classname="com.mycompany.task1.LoginIT" name="com.mycompany.task1.LoginIT.testGetPassword" time="0"/>
  <testcase classname="com.mycompany.task1.LoginIT" name="com.mycompany.task1.LoginIT.testGetFirstName" time="0"/>
  <testcase classname="com.mycompany.task1.LoginIT" name="com.mycompany.task1.LoginIT.testSetLoginUserName" time="0"/>
  <testcase classname="com.mycompany.task1.LoginIT" name="com.mycompany.task1.LoginIT.testSetLoginPassword" time="0"/>
  <testcase classname="com.mycompany.task1.LoginIT" name="com.mycompany.task1.LoginIT.testGetLoginUserName" time="0"/>
  <testcase classname="com.mycompany.task1.LoginIT" name="com.mycompany.task1.LoginIT.testCheckPasswordComplexity" time="0"/>
  <testcase classname="com.mycompany.task1.LoginIT" name="com.mycompany.task1.LoginIT.testReturnLoginStatus" time="0"/>
  <testcase classname="com.mycompany.task1.LoginIT" name="com.mycompany.task1.LoginIT.testGetLoginPassword" time="0"/>
</testsuite>